2018-04-09 15:16:01 INFO  .:40 - the method startAutomationSuite execution started here...
2018-04-09 15:16:01 INFO  .:44 - the method startAutomationSuite execution ended here...
2018-04-09 15:16:01 INFO  .:59 - the method loadFiles execution started here...
2018-04-09 15:16:01 INFO  .:77 - the method loadFiles execution ended here...
2018-04-09 15:16:02 INFO  .:92 - the method executeTestScenarios execution started here...
2018-04-09 15:16:10 INFO  .:22 - the method launchBrowser execution started here...
2018-04-09 15:17:06 INFO  .:52 - the method launchBrowser execution ended here...
2018-04-09 15:17:07 INFO  .:68 - the method navigate execution started here...
2018-04-09 15:17:43 INFO  .:80 - the method navigate execution ended here...
2018-04-09 15:17:43 INFO  .:152 - In the Scenario :Login the method navigate has got the status as :Pass
2018-04-09 15:17:45 ERROR .:169 - there is an exception arised during the execution of the executeTestScenarios ...java.lang.ClassNotFoundException: com.hybridfw.actitime.testscript.LoginLogout
2018-04-09 15:17:45 INFO  .:171 - the method executeTestScenarios execution ended here...
2018-04-09 15:17:47 INFO  .:182 - the method endAutomationSuite execution started here...
2018-04-09 15:17:47 INFO  .:185 - the method endAutomationSuite execution ended here...
2018-04-09 15:20:02 INFO  .:40 - the method startAutomationSuite execution started here...
2018-04-09 15:20:02 INFO  .:44 - the method startAutomationSuite execution ended here...
2018-04-09 15:20:02 INFO  .:59 - the method loadFiles execution started here...
2018-04-09 15:20:02 INFO  .:77 - the method loadFiles execution ended here...
2018-04-09 15:20:02 INFO  .:92 - the method executeTestScenarios execution started here...
2018-04-09 15:20:05 INFO  .:22 - the method launchBrowser execution started here...
2018-04-09 15:20:22 INFO  .:52 - the method launchBrowser execution ended here...
2018-04-09 15:20:22 INFO  .:68 - the method navigate execution started here...
2018-04-09 15:20:36 INFO  .:80 - the method navigate execution ended here...
2018-04-09 15:20:36 INFO  .:152 - In the Scenario :Login the method navigate has got the status as :Pass
2018-04-09 15:20:37 ERROR .:169 - there is an exception arised during the execution of the executeTestScenarios ...java.lang.ClassNotFoundException: com.hybridfw.actitime.testscript.LoginLogout
2018-04-09 15:20:37 INFO  .:171 - the method executeTestScenarios execution ended here...
2018-04-09 15:20:37 INFO  .:182 - the method endAutomationSuite execution started here...
2018-04-09 15:20:37 INFO  .:185 - the method endAutomationSuite execution ended here...
2018-04-09 15:31:49 INFO  .:40 - the method startAutomationSuite execution started here...
2018-04-09 15:31:49 INFO  .:44 - the method startAutomationSuite execution ended here...
2018-04-09 15:31:49 INFO  .:59 - the method loadFiles execution started here...
2018-04-09 15:31:49 INFO  .:77 - the method loadFiles execution ended here...
2018-04-09 15:31:49 INFO  .:92 - the method executeTestScenarios execution started here...
2018-04-09 15:31:53 INFO  .:22 - the method launchBrowser execution started here...
2018-04-09 15:32:06 INFO  .:52 - the method launchBrowser execution ended here...
2018-04-09 15:32:07 INFO  .:68 - the method navigate execution started here...
2018-04-09 15:32:16 INFO  .:80 - the method navigate execution ended here...
2018-04-09 15:32:16 INFO  .:152 - In the Scenario :Login the method navigate has got the status as :Pass
2018-04-09 15:32:17 ERROR .:169 - there is an exception arised during the execution of the executeTestScenarios ...java.lang.ClassNotFoundException: com.hybridfw.actitime.testscript.LoginLogout
2018-04-09 15:32:17 INFO  .:171 - the method executeTestScenarios execution ended here...
2018-04-09 15:32:17 INFO  .:182 - the method endAutomationSuite execution started here...
2018-04-09 15:32:17 INFO  .:185 - the method endAutomationSuite execution ended here...
2018-04-09 16:02:43 INFO  .:40 - the method startAutomationSuite execution started here...
2018-04-09 16:02:43 INFO  .:44 - the method startAutomationSuite execution ended here...
2018-04-09 16:02:43 INFO  .:59 - the method loadFiles execution started here...
2018-04-09 16:02:43 INFO  .:77 - the method loadFiles execution ended here...
2018-04-09 16:02:43 INFO  .:92 - the method executeTestScenarios execution started here...
2018-04-09 16:02:47 INFO  .:22 - the method launchBrowser execution started here...
2018-04-09 16:03:03 INFO  .:52 - the method launchBrowser execution ended here...
2018-04-09 16:03:04 INFO  .:68 - the method navigate execution started here...
2018-04-09 16:03:22 INFO  .:80 - the method navigate execution ended here...
2018-04-09 16:03:22 INFO  .:152 - In the Scenario :Login the method navigate has got the status as :Pass
2018-04-09 16:03:23 ERROR .:169 - there is an exception arised during the execution of the executeTestScenarios ...java.lang.ClassNotFoundException: com.hybridfw.actitime.testscript.LoginLogout
2018-04-09 16:03:23 INFO  .:171 - the method executeTestScenarios execution ended here...
2018-04-09 16:03:23 INFO  .:182 - the method endAutomationSuite execution started here...
2018-04-09 16:03:23 INFO  .:185 - the method endAutomationSuite execution ended here...
2018-04-09 16:03:54 INFO  .:40 - the method startAutomationSuite execution started here...
2018-04-09 16:03:54 INFO  .:44 - the method startAutomationSuite execution ended here...
2018-04-09 16:03:54 INFO  .:59 - the method loadFiles execution started here...
2018-04-09 16:03:54 INFO  .:77 - the method loadFiles execution ended here...
2018-04-09 16:03:54 INFO  .:92 - the method executeTestScenarios execution started here...
2018-04-09 16:03:57 INFO  .:22 - the method launchBrowser execution started here...
2018-04-09 16:04:11 INFO  .:52 - the method launchBrowser execution ended here...
2018-04-09 16:04:12 INFO  .:68 - the method navigate execution started here...
2018-04-09 16:04:26 INFO  .:80 - the method navigate execution ended here...
2018-04-09 16:04:26 INFO  .:152 - In the Scenario :Login the method navigate has got the status as :Pass
2018-04-09 16:04:27 ERROR .:169 - there is an exception arised during the execution of the executeTestScenarios ...java.lang.ClassNotFoundException: com.hybridfw.actitime.testscript.LoginLogout
2018-04-09 16:04:27 INFO  .:171 - the method executeTestScenarios execution ended here...
2018-04-09 16:04:27 INFO  .:182 - the method endAutomationSuite execution started here...
2018-04-09 16:04:27 INFO  .:185 - the method endAutomationSuite execution ended here...
2018-04-09 16:05:30 INFO  .:40 - the method startAutomationSuite execution started here...
2018-04-09 16:05:30 INFO  .:44 - the method startAutomationSuite execution ended here...
2018-04-09 16:05:30 INFO  .:59 - the method loadFiles execution started here...
2018-04-09 16:05:30 INFO  .:77 - the method loadFiles execution ended here...
2018-04-09 16:05:30 INFO  .:92 - the method executeTestScenarios execution started here...
2018-04-09 16:05:33 INFO  .:22 - the method launchBrowser execution started here...
2018-04-09 16:05:47 INFO  .:52 - the method launchBrowser execution ended here...
2018-04-09 16:05:47 INFO  .:68 - the method navigate execution started here...
2018-04-09 16:05:54 INFO  .:80 - the method navigate execution ended here...
2018-04-09 16:05:55 INFO  .:152 - In the Scenario :Login the method navigate has got the status as :Fail
2018-04-09 16:05:56 ERROR .:169 - there is an exception arised during the execution of the executeTestScenarios ...java.lang.ClassNotFoundException: com.hybridfw.actitime.testscript.LoginLogout
2018-04-09 16:05:56 INFO  .:171 - the method executeTestScenarios execution ended here...
2018-04-09 16:05:56 INFO  .:182 - the method endAutomationSuite execution started here...
2018-04-09 16:05:56 INFO  .:185 - the method endAutomationSuite execution ended here...
2018-04-09 16:12:10 INFO  .:40 - the method startAutomationSuite execution started here...
2018-04-09 16:12:10 INFO  .:44 - the method startAutomationSuite execution ended here...
2018-04-09 16:12:10 INFO  .:59 - the method loadFiles execution started here...
2018-04-09 16:12:10 INFO  .:77 - the method loadFiles execution ended here...
2018-04-09 16:12:10 INFO  .:92 - the method executeTestScenarios execution started here...
2018-04-09 16:12:13 INFO  .:22 - the method launchBrowser execution started here...
2018-04-09 16:12:36 INFO  .:52 - the method launchBrowser execution ended here...
2018-04-09 16:12:37 INFO  .:68 - the method navigate execution started here...
2018-04-09 16:12:53 INFO  .:80 - the method navigate execution ended here...
2018-04-09 16:12:53 INFO  .:152 - In the Scenario :Login the method navigate has got the status as :Pass
2018-04-09 16:12:54 ERROR .:169 - there is an exception arised during the execution of the executeTestScenarios ...java.lang.ClassNotFoundException: com.hybridfw.actitime.testscript.LoginLogout
2018-04-09 16:12:54 INFO  .:171 - the method executeTestScenarios execution ended here...
2018-04-09 16:12:54 INFO  .:182 - the method endAutomationSuite execution started here...
2018-04-09 16:12:54 INFO  .:185 - the method endAutomationSuite execution ended here...
2018-04-09 16:34:21 INFO  .:40 - the method startAutomationSuite execution started here...
2018-04-09 16:34:21 INFO  .:44 - the method startAutomationSuite execution ended here...
2018-04-09 16:34:21 INFO  .:59 - the method loadFiles execution started here...
2018-04-09 16:34:21 INFO  .:77 - the method loadFiles execution ended here...
2018-04-09 16:34:21 INFO  .:92 - the method executeTestScenarios execution started here...
2018-04-09 16:34:26 INFO  .:22 - the method launchBrowser execution started here...
2018-04-09 16:34:58 INFO  .:52 - the method launchBrowser execution ended here...
2018-04-09 16:34:59 INFO  .:68 - the method navigate execution started here...
2018-04-09 16:35:21 INFO  .:80 - the method navigate execution ended here...
2018-04-09 16:35:21 INFO  .:152 - In the Scenario :Login the method navigate has got the status as :Pass
2018-04-09 16:35:22 ERROR .:169 - there is an exception arised during the execution of the executeTestScenarios ...java.lang.ClassNotFoundException: com.hybridfw.actitime.testscript.LoginLogout
2018-04-09 16:35:22 INFO  .:171 - the method executeTestScenarios execution ended here...
2018-04-09 16:35:22 INFO  .:182 - the method endAutomationSuite execution started here...
2018-04-09 16:35:22 INFO  .:185 - the method endAutomationSuite execution ended here...
2018-04-09 16:38:57 INFO  .:40 - the method startAutomationSuite execution started here...
2018-04-09 16:38:57 INFO  .:44 - the method startAutomationSuite execution ended here...
2018-04-09 16:38:57 INFO  .:59 - the method loadFiles execution started here...
2018-04-09 16:38:57 INFO  .:77 - the method loadFiles execution ended here...
2018-04-09 16:38:57 INFO  .:92 - the method executeTestScenarios execution started here...
2018-04-09 16:39:00 INFO  .:22 - the method launchBrowser execution started here...
2018-04-09 16:39:18 INFO  .:52 - the method launchBrowser execution ended here...
2018-04-09 16:39:19 INFO  .:68 - the method navigate execution started here...
2018-04-09 16:39:35 INFO  .:80 - the method navigate execution ended here...
2018-04-09 16:39:35 INFO  .:152 - In the Scenario :Login the method navigate has got the status as :Pass
2018-04-09 16:39:36 ERROR .:169 - there is an exception arised during the execution of the executeTestScenarios ...java.lang.ClassNotFoundException: com.hybridfw.actitime.testscript.LoginLogout
2018-04-09 16:39:36 INFO  .:171 - the method executeTestScenarios execution ended here...
2018-04-09 16:39:36 INFO  .:182 - the method endAutomationSuite execution started here...
2018-04-09 16:39:36 INFO  .:185 - the method endAutomationSuite execution ended here...
2018-04-09 16:42:50 INFO  .:40 - the method startAutomationSuite execution started here...
2018-04-09 16:42:50 INFO  .:44 - the method startAutomationSuite execution ended here...
2018-04-09 16:42:50 INFO  .:59 - the method loadFiles execution started here...
2018-04-09 16:42:50 INFO  .:77 - the method loadFiles execution ended here...
2018-04-09 16:42:50 INFO  .:92 - the method executeTestScenarios execution started here...
2018-04-09 16:42:53 INFO  .:22 - the method launchBrowser execution started here...
2018-04-09 16:43:06 INFO  .:52 - the method launchBrowser execution ended here...
2018-04-09 16:43:06 INFO  .:68 - the method navigate execution started here...
2018-04-09 16:43:18 INFO  .:80 - the method navigate execution ended here...
2018-04-09 16:43:18 INFO  .:152 - In the Scenario :Login the method navigate has got the status as :Pass
2018-04-09 16:43:18 ERROR .:169 - there is an exception arised during the execution of the executeTestScenarios ...java.lang.ClassNotFoundException: com.hybridfw.actitime.testscript.LoginLogout
2018-04-09 16:43:18 INFO  .:171 - the method executeTestScenarios execution ended here...
2018-04-09 16:43:18 INFO  .:182 - the method endAutomationSuite execution started here...
2018-04-09 16:43:18 INFO  .:185 - the method endAutomationSuite execution ended here...
2018-04-09 16:48:38 INFO  .:40 - the method startAutomationSuite execution started here...
2018-04-09 16:48:38 INFO  .:44 - the method startAutomationSuite execution ended here...
2018-04-09 16:48:38 INFO  .:59 - the method loadFiles execution started here...
2018-04-09 16:48:38 INFO  .:77 - the method loadFiles execution ended here...
2018-04-09 16:48:38 INFO  .:92 - the method executeTestScenarios execution started here...
2018-04-09 16:48:43 INFO  .:22 - the method launchBrowser execution started here...
2018-04-09 16:48:56 INFO  .:52 - the method launchBrowser execution ended here...
2018-04-09 16:48:56 INFO  .:68 - the method navigate execution started here...
2018-04-09 16:49:08 INFO  .:80 - the method navigate execution ended here...
2018-04-09 16:49:08 INFO  .:152 - In the Scenario :Login the method navigate has got the status as :Pass
2018-04-09 16:49:09 ERROR .:169 - there is an exception arised during the execution of the executeTestScenarios ...java.lang.ClassNotFoundException: com.hybridfw.actitime.testscript.LoginLogout
2018-04-09 16:49:09 INFO  .:171 - the method executeTestScenarios execution ended here...
2018-04-09 16:49:09 INFO  .:182 - the method endAutomationSuite execution started here...
2018-04-09 16:49:09 INFO  .:185 - the method endAutomationSuite execution ended here...
2018-04-09 16:50:52 INFO  .:40 - the method startAutomationSuite execution started here...
2018-04-09 16:50:52 INFO  .:44 - the method startAutomationSuite execution ended here...
2018-04-09 16:50:52 INFO  .:59 - the method loadFiles execution started here...
2018-04-09 16:50:52 INFO  .:77 - the method loadFiles execution ended here...
2018-04-09 16:50:52 INFO  .:92 - the method executeTestScenarios execution started here...
2018-04-09 16:50:55 INFO  .:22 - the method launchBrowser execution started here...
2018-04-09 16:51:09 INFO  .:52 - the method launchBrowser execution ended here...
2018-04-09 16:52:14 INFO  .:68 - the method navigate execution started here...
2018-04-09 16:52:42 INFO  .:80 - the method navigate execution ended here...
2018-04-09 16:53:21 INFO  .:152 - In the Scenario :Login the method navigate has got the status as :Pass
2018-04-09 16:54:18 ERROR .:169 - there is an exception arised during the execution of the executeTestScenarios ...java.lang.ClassNotFoundException: com.hybridfw.actitime.testscript.LoginLogout
2018-04-09 16:54:19 INFO  .:171 - the method executeTestScenarios execution ended here...
2018-04-09 16:56:38 INFO  .:40 - the method startAutomationSuite execution started here...
2018-04-09 16:56:38 INFO  .:44 - the method startAutomationSuite execution ended here...
2018-04-09 16:56:38 INFO  .:59 - the method loadFiles execution started here...
2018-04-09 16:56:38 INFO  .:77 - the method loadFiles execution ended here...
2018-04-09 16:56:38 INFO  .:92 - the method executeTestScenarios execution started here...
2018-04-09 16:56:41 INFO  .:22 - the method launchBrowser execution started here...
2018-04-09 16:56:54 INFO  .:52 - the method launchBrowser execution ended here...
2018-04-09 16:56:55 INFO  .:68 - the method navigate execution started here...
2018-04-09 16:57:05 INFO  .:80 - the method navigate execution ended here...
2018-04-09 16:57:05 INFO  .:152 - In the Scenario :Login the method navigate has got the status as :Pass
2018-04-09 16:57:06 INFO  .:22 - the method login execution started here...
2018-04-09 16:57:28 INFO  .:41 - the method login execution ended here...
2018-04-09 16:57:28 INFO  .:152 - In the Scenario :Login the method login has got the status as :Pass
2018-04-09 16:57:29 INFO  .:58 - the method logout execution started here...
2018-04-09 16:57:35 INFO  .:70 - the method logout execution ended here...
2018-04-09 16:57:35 INFO  .:152 - In the Scenario :Login the method logout has got the status as :Pass
2018-04-09 16:57:35 INFO  .:93 - the method closeApplication execution started here...
2018-04-09 16:57:45 INFO  .:96 - the method closeApplication execution ended here...
2018-04-09 16:57:45 INFO  .:152 - In the Scenario :Login the method closeApplication has got the status as :Pass
2018-04-09 16:57:45 INFO  .:162 - +++++++++++++++++++++++++++++++++++
2018-04-09 16:57:46 INFO  .:171 - the method executeTestScenarios execution ended here...
2018-04-09 16:57:46 INFO  .:182 - the method endAutomationSuite execution started here...
2018-04-09 16:57:47 INFO  .:185 - the method endAutomationSuite execution ended here...
2018-04-09 17:14:06 INFO  .:40 - the method startAutomationSuite execution started here...
2018-04-09 17:14:06 INFO  .:44 - the method startAutomationSuite execution ended here...
2018-04-09 17:14:06 INFO  .:59 - the method loadFiles execution started here...
2018-04-09 17:14:06 INFO  .:77 - the method loadFiles execution ended here...
2018-04-09 17:14:06 INFO  .:92 - the method executeTestScenarios execution started here...
2018-04-09 17:14:09 INFO  .:22 - the method launchBrowser execution started here...
2018-04-09 17:14:22 INFO  .:52 - the method launchBrowser execution ended here...
2018-04-09 17:14:23 INFO  .:68 - the method navigate execution started here...
2018-04-09 17:14:33 INFO  .:80 - the method navigate execution ended here...
2018-04-09 17:14:33 INFO  .:152 - In the Scenario :Login the method navigate has got the status as :Pass
2018-04-09 17:14:33 INFO  .:22 - the method login execution started here...
2018-04-09 17:14:45 INFO  .:41 - the method login execution ended here...
2018-04-09 17:14:45 INFO  .:152 - In the Scenario :Login the method login has got the status as :Pass
2018-04-09 17:14:45 INFO  .:58 - the method logout execution started here...
2018-04-09 17:14:51 INFO  .:70 - the method logout execution ended here...
2018-04-09 17:14:51 INFO  .:152 - In the Scenario :Login the method logout has got the status as :Pass
2018-04-09 17:14:51 INFO  .:93 - the method closeApplication execution started here...
2018-04-09 17:14:55 INFO  .:96 - the method closeApplication execution ended here...
2018-04-09 17:14:55 INFO  .:152 - In the Scenario :Login the method closeApplication has got the status as :Pass
2018-04-09 17:14:55 INFO  .:162 - +++++++++++++++++++++++++++++++++++
2018-04-09 17:14:55 INFO  .:22 - the method launchBrowser execution started here...
2018-04-09 17:15:04 INFO  .:52 - the method launchBrowser execution ended here...
2018-04-09 17:15:05 INFO  .:68 - the method navigate execution started here...
2018-04-09 17:15:14 INFO  .:80 - the method navigate execution ended here...
2018-04-09 17:15:14 INFO  .:152 - In the Scenario :CreateUser the method navigate has got the status as :Pass
2018-04-09 17:15:15 INFO  .:22 - the method login execution started here...
2018-04-09 17:15:25 INFO  .:41 - the method login execution ended here...
2018-04-09 17:15:25 INFO  .:152 - In the Scenario :CreateUser the method login has got the status as :Pass
2018-04-09 17:15:26 INFO  .:27 - the method createUser execution started here...
2018-04-09 17:16:02 INFO  .:65 - the method createUser execution ended here...
2018-04-09 17:16:02 INFO  .:152 - In the Scenario :CreateUser the method createUser has got the status as :Pass
2018-04-09 17:16:02 INFO  .:121 - the method deleteUser execution started here...
2018-04-09 17:16:12 INFO  .:137 - the method deleteUser execution ended here...
2018-04-09 17:16:12 INFO  .:152 - In the Scenario :CreateUser the method deleteUser has got the status as :Pass
2018-04-09 17:16:12 INFO  .:58 - the method logout execution started here...
2018-04-09 17:16:18 INFO  .:70 - the method logout execution ended here...
2018-04-09 17:16:18 INFO  .:152 - In the Scenario :CreateUser the method logout has got the status as :Pass
2018-04-09 17:16:19 INFO  .:93 - the method closeApplication execution started here...
2018-04-09 17:16:22 INFO  .:96 - the method closeApplication execution ended here...
2018-04-09 17:16:22 INFO  .:152 - In the Scenario :CreateUser the method closeApplication has got the status as :Pass
2018-04-09 17:16:22 INFO  .:162 - +++++++++++++++++++++++++++++++++++
2018-04-09 17:16:23 INFO  .:22 - the method launchBrowser execution started here...
2018-04-09 17:16:31 INFO  .:52 - the method launchBrowser execution ended here...
2018-04-09 17:16:31 INFO  .:68 - the method navigate execution started here...
2018-04-09 17:16:40 INFO  .:80 - the method navigate execution ended here...
2018-04-09 17:16:40 INFO  .:152 - In the Scenario :ModifyUser the method navigate has got the status as :Pass
2018-04-09 17:16:41 INFO  .:22 - the method login execution started here...
2018-04-09 17:16:51 INFO  .:41 - the method login execution ended here...
2018-04-09 17:16:51 INFO  .:152 - In the Scenario :ModifyUser the method login has got the status as :Pass
2018-04-09 17:16:51 INFO  .:27 - the method createUser execution started here...
2018-04-09 17:17:26 INFO  .:65 - the method createUser execution ended here...
2018-04-09 17:17:26 INFO  .:152 - In the Scenario :ModifyUser the method createUser has got the status as :Pass
2018-04-09 17:17:26 INFO  .:83 - the method modifyUser execution started here...
2018-04-09 17:17:38 INFO  .:105 - the method modifyUser execution ended here...
2018-04-09 17:17:39 INFO  .:152 - In the Scenario :ModifyUser the method modifyUser has got the status as :Fail
2018-04-09 17:17:40 INFO  .:121 - the method deleteUser execution started here...
2018-04-09 17:17:49 INFO  .:137 - the method deleteUser execution ended here...
2018-04-09 17:17:49 INFO  .:152 - In the Scenario :ModifyUser the method deleteUser has got the status as :Pass
2018-04-09 17:17:50 INFO  .:58 - the method logout execution started here...
2018-04-09 17:17:56 INFO  .:70 - the method logout execution ended here...
2018-04-09 17:17:56 INFO  .:152 - In the Scenario :ModifyUser the method logout has got the status as :Pass
2018-04-09 17:17:56 INFO  .:93 - the method closeApplication execution started here...
2018-04-09 17:17:59 INFO  .:96 - the method closeApplication execution ended here...
2018-04-09 17:17:59 INFO  .:152 - In the Scenario :ModifyUser the method closeApplication has got the status as :Pass
2018-04-09 17:17:59 INFO  .:162 - +++++++++++++++++++++++++++++++++++
2018-04-09 17:18:00 INFO  .:171 - the method executeTestScenarios execution ended here...
2018-04-09 17:18:00 INFO  .:182 - the method endAutomationSuite execution started here...
2018-04-09 17:18:00 INFO  .:185 - the method endAutomationSuite execution ended here...
2018-11-05 15:01:52 INFO  .:40 - the method startAutomationSuite execution started here...
2018-11-05 15:01:52 INFO  .:44 - the method startAutomationSuite execution ended here...
2018-11-05 15:01:52 INFO  .:59 - the method loadFiles execution started here...
2018-11-05 15:01:53 INFO  .:77 - the method loadFiles execution ended here...
2018-11-05 15:01:53 INFO  .:92 - the method executeTestScenarios execution started here...
2018-11-05 15:01:56 INFO  .:22 - the method launchBrowser execution started here...
2018-11-05 15:02:44 INFO  .:52 - the method launchBrowser execution ended here...
2018-11-05 15:02:44 INFO  .:68 - the method navigate execution started here...
2018-11-05 15:04:14 INFO  .:80 - the method navigate execution ended here...
2018-11-05 15:04:14 INFO  .:152 - In the Scenario :Login the method navigate has got the status as :Pass
2018-11-05 15:04:14 INFO  .:22 - the method login execution started here...
2018-11-05 15:04:40 INFO  .:41 - the method login execution ended here...
2018-11-05 15:04:40 INFO  .:152 - In the Scenario :Login the method login has got the status as :Pass
2018-11-05 15:04:41 INFO  .:58 - the method logout execution started here...
2018-11-05 15:04:47 INFO  .:70 - the method logout execution ended here...
2018-11-05 15:04:47 INFO  .:152 - In the Scenario :Login the method logout has got the status as :Pass
2018-11-05 15:04:47 INFO  .:93 - the method closeApplication execution started here...
2018-11-05 15:04:55 INFO  .:96 - the method closeApplication execution ended here...
2018-11-05 15:04:55 INFO  .:152 - In the Scenario :Login the method closeApplication has got the status as :Pass
2018-11-05 15:04:55 INFO  .:162 - +++++++++++++++++++++++++++++++++++
2018-11-05 15:04:55 INFO  .:22 - the method launchBrowser execution started here...
2018-11-05 15:05:04 INFO  .:52 - the method launchBrowser execution ended here...
2018-11-05 15:05:05 INFO  .:68 - the method navigate execution started here...
2018-11-05 15:05:22 INFO  .:80 - the method navigate execution ended here...
2018-11-05 15:05:22 INFO  .:152 - In the Scenario :CreateUser the method navigate has got the status as :Pass
2018-11-05 15:05:22 INFO  .:22 - the method login execution started here...
2018-11-05 15:05:32 INFO  .:41 - the method login execution ended here...
2018-11-05 15:05:32 INFO  .:152 - In the Scenario :CreateUser the method login has got the status as :Pass
2018-11-05 15:05:32 INFO  .:27 - the method createUser execution started here...
2018-11-05 15:06:16 INFO  .:65 - the method createUser execution ended here...
2018-11-05 15:06:16 INFO  .:152 - In the Scenario :CreateUser the method createUser has got the status as :Pass
2018-11-05 15:06:16 INFO  .:121 - the method deleteUser execution started here...
2018-11-05 15:06:26 INFO  .:137 - the method deleteUser execution ended here...
2018-11-05 15:06:26 INFO  .:152 - In the Scenario :CreateUser the method deleteUser has got the status as :Pass
2018-11-05 15:06:27 INFO  .:58 - the method logout execution started here...
2018-11-05 15:06:33 INFO  .:70 - the method logout execution ended here...
2018-11-05 15:06:33 INFO  .:152 - In the Scenario :CreateUser the method logout has got the status as :Pass
2018-11-05 15:06:33 INFO  .:93 - the method closeApplication execution started here...
2018-11-05 15:06:36 INFO  .:96 - the method closeApplication execution ended here...
2018-11-05 15:06:36 INFO  .:152 - In the Scenario :CreateUser the method closeApplication has got the status as :Pass
2018-11-05 15:06:36 INFO  .:162 - +++++++++++++++++++++++++++++++++++
2018-11-05 15:06:36 INFO  .:22 - the method launchBrowser execution started here...
2018-11-05 15:06:44 INFO  .:52 - the method launchBrowser execution ended here...
2018-11-05 15:06:45 INFO  .:68 - the method navigate execution started here...
2018-11-05 15:06:54 INFO  .:80 - the method navigate execution ended here...
2018-11-05 15:06:54 INFO  .:152 - In the Scenario :ModifyUser the method navigate has got the status as :Pass
2018-11-05 15:06:54 INFO  .:22 - the method login execution started here...
2018-11-05 15:07:10 INFO  .:41 - the method login execution ended here...
2018-11-05 15:07:10 INFO  .:152 - In the Scenario :ModifyUser the method login has got the status as :Pass
2018-11-05 15:07:11 INFO  .:27 - the method createUser execution started here...
2018-11-05 15:07:47 INFO  .:65 - the method createUser execution ended here...
2018-11-05 15:07:47 INFO  .:152 - In the Scenario :ModifyUser the method createUser has got the status as :Pass
2018-11-05 15:07:47 INFO  .:83 - the method modifyUser execution started here...
2018-11-05 15:07:59 INFO  .:105 - the method modifyUser execution ended here...
2018-11-05 15:08:00 INFO  .:152 - In the Scenario :ModifyUser the method modifyUser has got the status as :Fail
2018-11-05 15:08:00 INFO  .:121 - the method deleteUser execution started here...
2018-11-05 15:08:10 INFO  .:137 - the method deleteUser execution ended here...
2018-11-05 15:08:10 INFO  .:152 - In the Scenario :ModifyUser the method deleteUser has got the status as :Pass
2018-11-05 15:08:10 INFO  .:58 - the method logout execution started here...
2018-11-05 15:08:16 INFO  .:70 - the method logout execution ended here...
2018-11-05 15:08:16 INFO  .:152 - In the Scenario :ModifyUser the method logout has got the status as :Pass
2018-11-05 15:08:17 INFO  .:93 - the method closeApplication execution started here...
2018-11-05 15:08:20 INFO  .:96 - the method closeApplication execution ended here...
2018-11-05 15:08:20 INFO  .:152 - In the Scenario :ModifyUser the method closeApplication has got the status as :Pass
2018-11-05 15:08:20 INFO  .:162 - +++++++++++++++++++++++++++++++++++
2018-11-05 15:08:21 INFO  .:171 - the method executeTestScenarios execution ended here...
2018-11-05 15:08:21 INFO  .:182 - the method endAutomationSuite execution started here...
2018-11-05 15:08:21 INFO  .:185 - the method endAutomationSuite execution ended here...
