<?xml version="1.0" encoding="UTF-8"?>
<testng-results skipped="0" failed="0" ignored="0" total="1" passed="1">
  <reporter-output>
  </reporter-output>
  <suite name="Default suite" duration-ms="388223" started-at="2018-11-05T23:01:52Z" finished-at="2018-11-05T23:08:21Z">
    <groups>
    </groups>
    <test name="Default test" duration-ms="388223" started-at="2018-11-05T23:01:52Z" finished-at="2018-11-05T23:08:21Z">
      <class name="com.hybridfw.actitime.driverscript.DriverScript">
        <test-method status="PASS" signature="startAutomationSuite()[pri:0, instance:com.hybridfw.actitime.driverscript.DriverScript@370736d9]" name="startAutomationSuite" is-config="true" duration-ms="284" started-at="2018-11-05T15:01:52Z" finished-at="2018-11-05T15:01:52Z">
          <reporter-output>
          </reporter-output>
        </test-method> <!-- startAutomationSuite -->
        <test-method status="PASS" signature="loadFiles()[pri:0, instance:com.hybridfw.actitime.driverscript.DriverScript@370736d9]" name="loadFiles" is-config="true" duration-ms="222" started-at="2018-11-05T15:01:52Z" finished-at="2018-11-05T15:01:53Z">
          <reporter-output>
          </reporter-output>
        </test-method> <!-- loadFiles -->
        <test-method status="PASS" signature="executeTestScenarios()[pri:0, instance:com.hybridfw.actitime.driverscript.DriverScript@370736d9]" name="executeTestScenarios" duration-ms="387875" started-at="2018-11-05T15:01:53Z" finished-at="2018-11-05T15:08:21Z">
          <reporter-output>
          </reporter-output>
        </test-method> <!-- executeTestScenarios -->
        <test-method status="PASS" signature="endAutomationSuite()[pri:0, instance:com.hybridfw.actitime.driverscript.DriverScript@370736d9]" name="endAutomationSuite" is-config="true" duration-ms="40" started-at="2018-11-05T15:08:21Z" finished-at="2018-11-05T15:08:21Z">
          <reporter-output>
          </reporter-output>
        </test-method> <!-- endAutomationSuite -->
      </class> <!-- com.hybridfw.actitime.driverscript.DriverScript -->
    </test> <!-- Default test -->
  </suite> <!-- Default suite -->
</testng-results>
